TN:
SF:src\entities\person.ts
FN:6,Person
FNF:1
FNH:1
FNDA:15,Person
DA:1,1
DA:2,1
DA:3,1
DA:4,1
DA:5,1
DA:6,1
DA:7,15
DA:8,15
DA:9,2
DA:10,2
DA:11,13
DA:12,13
DA:13,13
DA:14,1
DA:15,1
LF:15
LH:15
BRDA:6,0,0,15
BRDA:8,1,0,14
BRDA:8,2,0,2
BRDA:11,3,0,13
BRF:4
BRH:4
end_of_record
TN:
SF:src\entities\relationship.ts
FN:6,Relationship
FNF:1
FNH:1
FNDA:13,Relationship
DA:1,1
DA:2,1
DA:3,1
DA:4,1
DA:5,1
DA:6,1
DA:7,13
DA:8,13
DA:9,0
DA:10,0
DA:11,13
DA:12,0
DA:13,0
DA:14,13
DA:15,13
DA:16,13
DA:17,13
DA:18,1
DA:19,1
LF:19
LH:15
BRDA:6,0,0,13
BRDA:8,1,0,0
BRDA:11,2,0,0
BRF:3
BRH:1
end_of_record
TN:
SF:src\repositories\in-memory-persistence\in-memory-person.ts
FN:4,InMemoryPersonPersistence
FN:40,create
FN:44,getByDocument
FNF:3
FNH:3
FNDA:5,InMemoryPersonPersistence
FNDA:3,create
FNDA:17,getByDocument
DA:1,1
DA:2,1
DA:3,1
DA:4,5
DA:5,5
DA:6,5
DA:7,5
DA:8,5
DA:9,5
DA:10,5
DA:11,5
DA:12,5
DA:13,5
DA:14,5
DA:15,5
DA:16,5
DA:17,5
DA:18,5
DA:19,5
DA:20,5
DA:21,5
DA:22,5
DA:23,5
DA:24,5
DA:25,5
DA:26,5
DA:27,5
DA:28,5
DA:29,5
DA:30,5
DA:31,5
DA:32,5
DA:33,5
DA:34,5
DA:35,5
DA:36,5
DA:37,5
DA:38,5
DA:39,5
DA:40,5
DA:41,3
DA:42,3
DA:43,3
DA:44,5
DA:45,17
DA:46,17
DA:47,5
LF:47
LH:47
BRDA:4,0,0,5
BRDA:40,1,0,3
BRDA:44,2,0,17
BRDA:45,3,0,102
BRF:4
BRH:4
end_of_record
TN:
SF:src\repositories\in-memory-persistence\in-memory-relationship.ts
FN:4,InMemoryRelationshipPersistence
FN:50,create
FN:53,hasOverlapping
FN:57,getByPerson
FNF:4
FNH:4
FNDA:3,InMemoryRelationshipPersistence
FNDA:1,create
FNDA:12,hasOverlapping
FNDA:4,getByPerson
DA:1,1
DA:2,1
DA:3,1
DA:4,3
DA:5,3
DA:6,3
DA:7,3
DA:8,3
DA:9,3
DA:10,3
DA:11,3
DA:12,3
DA:13,3
DA:14,3
DA:15,3
DA:16,3
DA:17,3
DA:18,3
DA:19,3
DA:20,3
DA:21,3
DA:22,3
DA:23,3
DA:24,3
DA:25,3
DA:26,3
DA:27,3
DA:28,3
DA:29,3
DA:30,3
DA:31,3
DA:32,3
DA:33,3
DA:34,3
DA:35,3
DA:36,3
DA:37,3
DA:38,3
DA:39,3
DA:40,3
DA:41,3
DA:42,3
DA:43,3
DA:44,3
DA:45,3
DA:46,3
DA:47,3
DA:48,3
DA:49,3
DA:50,3
DA:51,1
DA:52,1
DA:53,3
DA:54,12
DA:55,12
DA:56,12
DA:57,3
DA:58,4
DA:59,4
DA:60,4
DA:61,4
DA:62,4
DA:63,4
DA:64,13
DA:65,13
DA:66,13
DA:67,13
DA:68,13
DA:69,13
DA:70,4
DA:71,4
DA:72,4
DA:73,3
LF:73
LH:73
BRDA:4,0,0,3
BRDA:50,1,0,1
BRDA:53,2,0,12
BRDA:55,3,0,75
BRDA:55,4,0,15
BRDA:55,5,0,65
BRDA:55,6,0,3
BRDA:57,7,0,4
BRDA:61,8,0,40
BRDA:61,9,0,33
BRDA:63,10,0,13
BRDA:64,11,0,7
BRDA:64,12,0,6
BRF:13
BRH:13
end_of_record
TN:
SF:src\services\create-person-service.ts
FN:5,CreatePersonService
FN:7,execute
FNF:2
FNH:2
FNDA:4,CreatePersonService
FNDA:12,execute
DA:1,1
DA:2,1
DA:3,1
DA:4,1
DA:5,1
DA:6,1
DA:7,1
DA:8,12
DA:9,12
DA:10,12
DA:11,12
DA:12,12
DA:13,9
DA:14,9
DA:15,3
DA:16,3
DA:17,1
LF:17
LH:17
BRDA:5,0,0,4
BRDA:7,1,0,12
BRDA:12,2,0,11
BRDA:12,3,0,9
BRDA:15,4,0,3
BRF:5
BRH:5
end_of_record
TN:
SF:src\services\create-relationship-service.ts
FN:5,CreateRelationshipService
FN:7,execute
FNF:2
FNH:2
FNDA:3,CreateRelationshipService
FNDA:12,execute
DA:1,1
DA:2,1
DA:3,1
DA:4,1
DA:5,1
DA:6,1
DA:7,1
DA:8,12
DA:9,12
DA:10,12
DA:11,12
DA:12,10
DA:13,10
DA:14,2
DA:15,2
DA:16,2
DA:17,12
DA:18,1
DA:19,1
DA:20,1
DA:21,1
DA:22,1
DA:23,1
LF:23
LH:23
BRDA:5,0,0,3
BRDA:7,1,0,12
BRDA:11,2,0,10
BRDA:14,3,0,2
BRDA:17,4,0,1
BRDA:17,5,0,1
BRF:6
BRH:6
end_of_record
TN:
SF:src\services\get-recommendations-service.ts
FN:8,GetRecommendationsService
FN:10,execute
FNF:2
FNH:2
FNDA:1,GetRecommendationsService
FNDA:1,execute
DA:1,1
DA:2,1
DA:3,1
DA:4,1
DA:5,1
DA:6,1
DA:7,1
DA:8,1
DA:9,1
DA:10,1
DA:11,1
DA:12,1
DA:13,1
DA:14,0
DA:15,0
DA:16,1
DA:17,1
DA:18,1
DA:19,0
DA:20,0
DA:21,1
DA:22,1
DA:23,1
DA:24,3
DA:25,3
DA:26,3
DA:27,1
DA:28,1
DA:29,1
DA:30,1
DA:31,1
DA:32,1
DA:33,1
DA:34,7
DA:35,7
DA:36,3
DA:37,3
DA:38,8
DA:39,3
DA:40,3
DA:41,3
DA:42,3
DA:43,7
DA:44,4
DA:45,4
DA:46,4
DA:47,4
DA:48,4
DA:49,1
DA:50,1
DA:51,1
DA:52,1
DA:53,1
DA:54,1
LF:54
LH:50
BRDA:8,0,0,1
BRDA:10,1,0,1
BRDA:13,2,0,0
BRDA:18,3,0,0
BRDA:23,4,0,3
BRDA:29,5,0,10
BRDA:33,6,0,7
BRDA:35,7,0,3
BRDA:43,8,0,4
BRDA:35,9,0,10
BRDA:37,10,0,8
BRDA:38,11,0,3
BRF:12
BRH:10
end_of_record
